Start testing: Oct 09 18:24 EDT
----------------------------------------------------------
1/1 Testing: hamming_test
1/1 Test: hamming_test
Command: "/mnt/c/Users/John/Desktop/exercism/fortran/hamming/build/hamming"
Directory: /mnt/c/Users/John/Desktop/exercism/fortran/hamming/build
"hamming_test" start time: Oct 09 18:24 EDT
Output:
----------------------------------------------------------
 Test summary: 0 of 18 tests failed
STOP 0
<end of output>
Test time =   0.03 sec
----------------------------------------------------------
Test Passed.
"hamming_test" end time: Oct 09 18:24 EDT
"hamming_test" time elapsed: 00:00:00
----------------------------------------------------------

End testing: Oct 09 18:24 EDT
