Start testing: Oct 06 22:18 EDT
----------------------------------------------------------
1/1 Testing: hello-world_test
1/1 Test: hello-world_test
Command: "/mnt/c/Users/John/Desktop/exercism/fortran/hello-world/build/hello-world"
Directory: /mnt/c/Users/John/Desktop/exercism/fortran/hello-world/build
"hello-world_test" start time: Oct 06 22:18 EDT
Output:
----------------------------------------------------------
 Test summary: 0 of 1 tests failed
STOP 0
<end of output>
Test time =   0.02 sec
----------------------------------------------------------
Test Passed.
"hello-world_test" end time: Oct 06 22:18 EDT
"hello-world_test" time elapsed: 00:00:00
----------------------------------------------------------

End testing: Oct 06 22:18 EDT
