Start testing: Oct 08 20:44 EDT
----------------------------------------------------------
1/1 Testing: bob_test
1/1 Test: bob_test
Command: "/mnt/c/Users/John/Desktop/exercism/fortran/bob/build/bob"
Directory: /mnt/c/Users/John/Desktop/exercism/fortran/bob/build
"bob_test" start time: Oct 08 20:44 EDT
Output:
----------------------------------------------------------
 Test summary: 0 of 23 tests failed
STOP 0
<end of output>
Test time =   0.02 sec
----------------------------------------------------------
Test Passed.
"bob_test" end time: Oct 08 20:44 EDT
"bob_test" time elapsed: 00:00:00
----------------------------------------------------------

End testing: Oct 08 20:44 EDT
