Start testing: Oct 11 09:08 EDT
----------------------------------------------------------
1/1 Testing: matrix_test
1/1 Test: matrix_test
Command: "/mnt/c/Users/John/Desktop/exercism/fortran/matrix/build/matrix"
Directory: /mnt/c/Users/John/Desktop/exercism/fortran/matrix/build
"matrix_test" start time: Oct 11 09:08 EDT
Output:
----------------------------------------------------------
 Test summary: 0 of 6 tests failed
STOP 0
<end of output>
Test time =   0.02 sec
----------------------------------------------------------
Test Passed.
"matrix_test" end time: Oct 11 09:08 EDT
"matrix_test" time elapsed: 00:00:00
----------------------------------------------------------

End testing: Oct 11 09:08 EDT
